\BOOKMARK [0][-]{chapter*.1}{\376\377\000I\000n\000t\000r\000o\000d\000u\000c\000t\000i\000o\000n\000\040\000G\000\351\000n\000\351\000r\000a\000l\000e}{}% 1
\BOOKMARK [0][-]{chapter.1}{\376\377\000C\000o\000n\000t\000e\000x\000t\000e\000\040\000G\000\351\000n\000e\000r\000a\000l}{}% 2
\BOOKMARK [1][-]{section.1.1}{\376\377\000I\000n\000t\000r\000o\000d\000u\000c\000t\000i\000o\000n}{chapter.1}% 3
\BOOKMARK [1][-]{section.1.2}{\376\377\000P\000r\000\351\000s\000e\000n\000t\000a\000t\000i\000o\000n\000\040\000d\000e\000\040\000l\000'\000o\000r\000g\000a\000n\000i\000s\000m\000e\000\040\000d\000'\000a\000c\000c\000u\000e\000i\000l}{chapter.1}% 4
\BOOKMARK [2][-]{subsection.1.2.1}{\376\377\000H\000i\000s\000t\000o\000r\000i\000q\000u\000e}{section.1.2}% 5
\BOOKMARK [2][-]{subsection.1.2.2}{\376\377\000S\000e\000c\000t\000e\000u\000r\000s\000\040\000d\000'\000a\000c\000t\000i\000v\000i\000t\000\351}{section.1.2}% 6
\BOOKMARK [2][-]{subsection.1.2.3}{\376\377\000D\000o\000m\000a\000i\000n\000e\000s\000\040\000d\000'\000e\000x\000p\000e\000r\000t\000i\000s\000e}{section.1.2}% 7
\BOOKMARK [2][-]{subsection.1.2.4}{\376\377\000O\000r\000g\000a\000n\000i\000g\000r\000a\000m\000m\000e}{section.1.2}% 8
\BOOKMARK [1][-]{section.1.3}{\376\377\000C\000o\000n\000t\000e\000x\000t\000e\000\040\000d\000u\000\040\000p\000r\000o\000j\000e\000t}{chapter.1}% 9
\BOOKMARK [2][-]{subsection.1.3.1}{\376\377\000C\000a\000d\000r\000e\000\040\000d\000u\000\040\000p\000r\000o\000j\000e\000t}{section.1.3}% 10
\BOOKMARK [2][-]{subsection.1.3.2}{\376\377\000D\000\351\000f\000i\000n\000i\000t\000i\000o\000n\000\040\000d\000u\000\040\000p\000r\000o\000j\000e\000t}{section.1.3}% 11
\BOOKMARK [1][-]{section.1.4}{\376\377\000\311\000t\000u\000d\000e\000\040\000d\000e\000\040\000l\000'\000e\000x\000i\000s\000t\000a\000n\000t}{chapter.1}% 12
\BOOKMARK [2][-]{subsection.1.4.1}{\376\377\000D\000e\000s\000c\000r\000i\000p\000t\000i\000o\000n\000\040\000d\000e\000\040\000l\000'\000e\000x\000i\000s\000t\000a\000n\000t}{section.1.4}% 13
\BOOKMARK [2][-]{subsection.1.4.2}{\376\377\000C\000r\000i\000t\000i\000q\000u\000e\000\040\000d\000e\000\040\000l\000'\000e\000x\000i\000s\000t\000a\000n\000t}{section.1.4}% 14
\BOOKMARK [1][-]{section.1.5}{\376\377\000O\000b\000j\000e\000c\000t\000i\000f\000s\000\040\000d\000u\000\040\000p\000r\000o\000j\000e\000t\000\040\000e\000t\000\040\000s\000o\000l\000u\000t\000i\000o\000n\000\040\000p\000r\000o\000p\000o\000s\000\351\000e}{chapter.1}% 15
\BOOKMARK [2][-]{subsection.1.5.1}{\376\377\000O\000b\000j\000e\000c\000t\000i\000f\000s\000\040\000d\000u\000\040\000p\000r\000o\000j\000e\000t}{section.1.5}% 16
\BOOKMARK [2][-]{subsection.1.5.2}{\376\377\000S\000o\000l\000u\000t\000i\000o\000n\000\040\000p\000r\000o\000p\000o\000s\000\351\000e}{section.1.5}% 17
\BOOKMARK [1][-]{section.1.6}{\376\377\000C\000h\000o\000i\000x\000\040\000m\000\351\000t\000h\000o\000d\000o\000l\000o\000g\000i\000q\000u\000e\000\040\000p\000o\000u\000r\000\040\000l\000e\000\040\000p\000r\000o\000j\000e\000t}{chapter.1}% 18
\BOOKMARK [2][-]{subsection.1.6.1}{\376\377\000M\000\351\000t\000h\000o\000d\000e\000\040\000d\000e\000\040\000g\000e\000s\000t\000i\000o\000n\000\040\000e\000t\000\040\000d\000e\000\040\000d\000\351\000v\000e\000l\000o\000p\000p\000e\000m\000e\000n\000t\000\040\000:\000\040\000P\000r\000o\000c\000e\000s\000s\000u\000s\000\040\000U\000n\000i\000f\000i\000\351}{section.1.6}% 19
\BOOKMARK [2][-]{subsection.1.6.2}{\376\377\000L\000a\000n\000g\000a\000g\000e\000\040\000d\000e\000\040\000m\000o\000d\000\351\000l\000i\000s\000a\000t\000i\000o\000n\000\040\000u\000n\000i\000f\000i\000\351\000\040\000\050\000U\000M\000L\000\051}{section.1.6}% 20
\BOOKMARK [2][-]{subsection.1.6.3}{\376\377\000L\000a\000\040\000m\000\351\000t\000h\000o\000d\000e\000\040\000G\000I\000M\000S\000I}{section.1.6}% 21
\BOOKMARK [1][-]{section.1.7}{\376\377\000P\000l\000a\000n\000i\000f\000i\000c\000a\000t\000i\000o\000n\000\040\000d\000u\000\040\000p\000r\000o\000j\000e\000t\000\040\000:\000\040\000d\000i\000a\000g\000r\000a\000m\000m\000e\000\040\000d\000e\000\040\000G\000a\000n\000t\000t}{chapter.1}% 22
\BOOKMARK [1][-]{section.1.8}{\376\377\000C\000o\000n\000c\000l\000u\000s\000i\000o\000n}{chapter.1}% 23
\BOOKMARK [0][-]{chapter.2}{\376\377\000E\000x\000p\000r\000e\000s\000s\000i\000o\000n\000\040\000d\000e\000s\000\040\000b\000e\000s\000o\000i\000n\000s}{}% 24
\BOOKMARK [1][-]{section.2.1}{\376\377\000I\000n\000t\000r\000o\000d\000u\000c\000t\000i\000o\000n}{chapter.2}% 25
\BOOKMARK [1][-]{section.2.2}{\376\377\000I\000d\000e\000n\000t\000i\000f\000i\000c\000a\000t\000i\000o\000n\000s\000\040\000d\000e\000s\000\040\000a\000c\000t\000e\000u\000r\000s}{chapter.2}% 26
\BOOKMARK [1][-]{section.2.3}{\376\377\000I\000d\000e\000n\000t\000i\000f\000i\000c\000a\000t\000i\000o\000n\000\040\000d\000e\000s\000\040\000b\000e\000s\000o\000i\000n\000s}{chapter.2}% 27
\BOOKMARK [2][-]{subsection.2.3.1}{\376\377\000I\000d\000e\000n\000t\000i\000f\000i\000c\000a\000t\000i\000o\000n\000\040\000d\000e\000s\000\040\000b\000e\000s\000o\000i\000n\000s\000\040\000f\000o\000n\000c\000t\000i\000o\000n\000n\000e\000l\000s}{section.2.3}% 28
\BOOKMARK [1][-]{section.2.4}{\376\377\000I\000d\000e\000n\000t\000i\000f\000i\000c\000a\000t\000i\000o\000n\000\040\000d\000e\000s\000\040\000b\000e\000s\000o\000i\000n\000s\000\040\000n\000o\000n\000\040\000f\000o\000n\000c\000t\000i\000o\000n\000n\000e\000l\000s}{chapter.2}% 29
\BOOKMARK [1][-]{section.2.5}{\376\377\000I\000d\000e\000n\000t\000i\000f\000i\000c\000a\000t\000i\000o\000n\000\040\000d\000e\000s\000\040\000b\000e\000s\000o\000i\000n\000s\000\040\000d\000\351\000c\000i\000s\000i\000o\000n\000n\000e\000l\000s}{chapter.2}% 30
\BOOKMARK [1][-]{section.2.6}{\376\377\000A\000f\000f\000e\000c\000t\000a\000t\000i\000o\000n\000\040\000d\000e\000s\000\040\000p\000r\000i\000o\000r\000i\000t\000\351\000s\000\040\000a\000u\000x\000\040\000c\000a\000s\000\040\000d\000'\000u\000t\000i\000l\000i\000s\000a\000t\000i\000o\000n}{chapter.2}% 31
\BOOKMARK [1][-]{section.2.7}{\376\377\000S\000p\000\351\000c\000i\000f\000i\000c\000a\000t\000i\000o\000n\000\040\000e\000t\000\040\000r\000a\000f\000f\000i\000n\000e\000m\000e\000n\000t\000\040\000d\000e\000s\000\040\000c\000a\000s\000\040\000d\000'\000u\000t\000i\000l\000i\000s\000a\000t\000i\000o\000n}{chapter.2}% 32
\BOOKMARK [2][-]{subsection.2.7.1}{\376\377\000S\000p\000\351\000c\000i\000f\000i\000c\000a\000t\000i\000o\000n\000\040\000d\000u\000\040\000c\000a\000s\000\040\000d\000'\000u\000t\000i\000l\000i\000s\000a\000t\000i\000o\000n\000\040\000S\000e\000\040\000C\000o\000n\000n\000e\000c\000t\000e\000r}{section.2.7}% 33
\BOOKMARK [2][-]{subsection.2.7.2}{\376\377\000S\000p\000\351\000c\000i\000f\000i\000c\000a\000t\000i\000o\000n\000\040\000d\000u\000\040\000c\000a\000s\000\040\000d\000'\000u\000t\000i\000l\000i\000s\000a\000t\000i\000o\000n\000\040\000S\000e\000\040\000D\000\351\000c\000o\000n\000n\000e\000c\000t\000e\000r}{section.2.7}% 34
\BOOKMARK [1][-]{section.2.8}{\376\377\000S\000p\000\351\000c\000i\000f\000i\000c\000a\000t\000i\000o\000n\000\040\000d\000e\000\040\000c\000a\000s\000\040\000d\000'\000u\000t\000i\000l\000i\000s\000a\000t\000i\000o\000n\000\040\000G\000\351\000r\000e\000r\000\040\000A\000g\000e\000n\000t\000s}{chapter.2}% 35
\BOOKMARK [2][-]{subsection.2.8.1}{\376\377\000S\000p\000\351\000c\000i\000f\000i\000c\000a\000t\000i\000o\000n\000\040\000d\000u\000\040\000c\000a\000s\000\040\000d\000'\000u\000t\000i\000l\000i\000s\000a\000t\000i\000o\000n\000\040\000A\000j\000o\000u\000t\000e\000r\000\040\000A\000g\000e\000n\000t\000s}{section.2.8}% 36
\BOOKMARK [2][-]{subsection.2.8.2}{\376\377\000S\000p\000\351\000c\000i\000f\000i\000c\000a\000t\000i\000o\000n\000\040\000d\000u\000\040\000c\000a\000s\000\040\000d\000'\000u\000t\000i\000l\000i\000s\000a\000t\000i\000o\000n\000\040\000s\000u\000p\000p\000r\000i\000m\000e\000r\000\040\000A\000g\000e\000n\000t}{section.2.8}% 37
\BOOKMARK [1][-]{section.2.9}{\376\377\000S\000p\000\351\000c\000i\000f\000i\000c\000a\000t\000i\000o\000n\000\040\000d\000e\000\040\000c\000a\000s\000\040\000d\000'\000u\000t\000i\000l\000i\000s\000a\000t\000i\000o\000n\000\040\000G\000\351\000r\000e\000r\000\040\000p\000r\000o\000d\000u\000i\000t}{chapter.2}% 38
\BOOKMARK [2][-]{subsection.2.9.1}{\376\377\000S\000p\000\351\000c\000i\000f\000i\000c\000a\000t\000i\000o\000n\000\040\000d\000e\000\040\000c\000a\000s\000\040\000d\000'\000u\000t\000i\000l\000i\000s\000a\000t\000i\000o\000n\000\040\000A\000j\000o\000u\000t\000e\000r\000\040\000P\000r\000o\000d\000u\000i\000t}{section.2.9}% 39
\BOOKMARK [2][-]{subsection.2.9.2}{\376\377\000S\000p\000\351\000c\000i\000f\000i\000c\000a\000t\000i\000o\000n\000\040\000d\000e\000\040\000c\000a\000s\000\040\000d\000'\000u\000t\000i\000l\000i\000s\000a\000t\000i\000o\000n\000\040\000s\000u\000p\000p\000r\000i\000m\000e\000r\000\040\000p\000r\000o\000d\000u\000i\000t}{section.2.9}% 40
\BOOKMARK [2][-]{subsection.2.9.3}{\376\377\000S\000p\000\351\000c\000i\000f\000i\000c\000a\000t\000i\000o\000n\000\040\000d\000e\000\040\000c\000a\000s\000\040\000d\000'\000u\000t\000i\000l\000i\000s\000a\000t\000i\000o\000n\000\040\000C\000o\000n\000s\000u\000l\000t\000e\000r\000\040\000p\000r\000o\000d\000u\000i\000t}{section.2.9}% 41
\BOOKMARK [2][-]{subsection.2.9.4}{\376\377\000S\000p\000\351\000c\000i\000f\000i\000c\000a\000t\000i\000o\000n\000\040\000d\000e\000\040\000c\000a\000s\000\040\000d\040\031\000u\000t\000i\000l\000i\000s\000a\000t\000i\000o\000n\000\040\000m\000o\000d\000i\000f\000i\000e\000r\000\040\000p\000r\000o\000d\000u\000i\000t}{section.2.9}% 42
\BOOKMARK [2][-]{subsection.2.9.5}{\376\377\000S\000p\000\351\000c\000i\000f\000i\000c\000a\000t\000i\000o\000n\000\040\000d\000e\000\040\000c\000a\000s\000\040\000d\000'\000u\000t\000i\000l\000i\000s\000a\000t\000i\000o\000n\000\040\000A\000r\000c\000h\000i\000v\000e\000r\000\040\000P\000r\000o\000d\000u\000i\000t}{section.2.9}% 43
\BOOKMARK [1][-]{section.2.10}{\376\377\000S\000p\000\351\000c\000i\000f\000i\000c\000a\000t\000i\000o\000n\000\040\000d\000e\000\040\000c\000a\000s\000\040\000d\000'\000u\000t\000i\000l\000i\000s\000a\000t\000i\000o\000n\000\040\000G\000\351\000r\000e\000r\000\040\000c\000l\000i\000e\000n\000t\000s}{chapter.2}% 44
\BOOKMARK [2][-]{subsection.2.10.1}{\376\377\000S\000p\000\351\000c\000i\000f\000i\000c\000a\000t\000i\000o\000n\000\040\000d\000'\000A\000j\000o\000u\000t\000e\000r\000\040\000C\000l\000i\000e\000n\000t}{section.2.10}% 45
\BOOKMARK [2][-]{subsection.2.10.2}{\376\377\000S\000p\000\351\000c\000i\000f\000i\000c\000a\000t\000i\000o\000n\000\040\000d\000e\000\040\000c\000a\000s\000\040\000d\000'\000u\000t\000i\000l\000i\000s\000a\000t\000i\000o\000n\000\040\000S\000u\000p\000p\000r\000i\000m\000e\000r\000\040\000C\000l\000i\000e\000n\000t}{section.2.10}% 46
\BOOKMARK [2][-]{subsection.2.10.3}{\376\377\000S\000p\000\351\000c\000i\000f\000i\000c\000a\000t\000i\000o\000n\000\040\000d\000e\000\040\000c\000a\000s\000\040\000d\000'\000u\000t\000i\000l\000i\000s\000a\000t\000i\000o\000n\000\040\000C\000o\000n\000s\000u\000l\000t\000e\000r\000\040\000C\000l\000i\000e\000n\000t}{section.2.10}% 47
\BOOKMARK [2][-]{subsection.2.10.4}{\376\377\000S\000p\000\351\000c\000i\000f\000i\000c\000a\000t\000i\000o\000n\000\040\000d\000e\000\040\000c\000a\000s\000\040\000d\000'\000u\000t\000i\000l\000i\000s\000a\000t\000i\000o\000n\000\040\000M\000o\000d\000i\000f\000i\000e\000r\000\040\000C\000l\000i\000e\000n\000t}{section.2.10}% 48
\BOOKMARK [2][-]{subsection.2.10.5}{\376\377\000S\000p\000\351\000c\000i\000f\000i\000c\000a\000t\000i\000o\000n\000\040\000d\000e\000\040\000c\000a\000s\000\040\000d\000'\000u\000t\000i\000l\000i\000s\000a\000t\000i\000o\000n\000\040\000A\000r\000c\000h\000i\000v\000e\000r\000\040\000C\000l\000i\000e\000n\000t}{section.2.10}% 49
\BOOKMARK [1][-]{section.2.11}{\376\377\000S\000p\000\351\000c\000i\000f\000i\000c\000a\000t\000i\000o\000n\000\040\000d\000e\000\040\000c\000a\000s\000\040\000d\000'\000u\000t\000i\000l\000i\000s\000a\000t\000i\000o\000n\000\040\000:\000\040\000t\000r\000a\000i\000t\000e\000r\000\040\000V\000e\000n\000t\000e\000s}{chapter.2}% 50
\BOOKMARK [2][-]{subsection.2.11.1}{\376\377\000S\000p\000\351\000c\000i\000f\000i\000c\000a\000t\000i\000o\000n\000\040\000d\000e\000\040\000c\000a\000s\000\040\000d\000'\000u\000t\000i\000l\000i\000s\000a\000t\000i\000o\000n\000\040\000E\000n\000r\000e\000g\000i\000s\000t\000r\000e\000r\000\040\000v\000e\000n\000t\000e}{section.2.11}% 51
\BOOKMARK [2][-]{subsection.2.11.2}{\376\377\000S\000p\000\351\000c\000i\000f\000i\000c\000a\000t\000i\000o\000n\000\040\000d\000e\000\040\000c\000a\000s\000\040\000d\000'\000u\000t\000i\000l\000i\000s\000a\000t\000i\000o\000n\000\040\000C\000o\000n\000s\000u\000l\000t\000e\000r\000\040\000V\000e\000n\000t\000e}{section.2.11}% 52
\BOOKMARK [2][-]{subsection.2.11.3}{\376\377\000S\000p\000\351\000c\000i\000f\000i\000c\000a\000t\000i\000o\000n\000\040\000d\000e\000\040\000c\000a\000s\000\040\000d\000'\000u\000t\000i\000l\000i\000s\000a\000t\000i\000o\000n\000\040\000A\000r\000c\000h\000i\000v\000e\000r\000\040\000V\000e\000n\000t\000e}{section.2.11}% 53
\BOOKMARK [1][-]{section.2.12}{\376\377\000S\000p\000\351\000c\000i\000f\000i\000c\000a\000t\000i\000o\000n\000\040\000d\000e\000\040\000c\000a\000s\000\040\000d\000'\000u\000t\000i\000l\000i\000s\000a\000t\000i\000o\000n\000\040\000:\000\040\000G\000\351\000r\000e\000r\000\040\000F\000a\000c\000t\000u\000r\000e\000s}{chapter.2}% 54
\BOOKMARK [2][-]{subsection.2.12.1}{\376\377\000S\000p\000\351\000c\000i\000f\000i\000c\000a\000t\000i\000o\000n\000\040\000d\000e\000\040\000c\000a\000s\000\040\000d\000'\000u\000t\000i\000l\000i\000s\000a\000t\000i\000o\000n\000\040\000C\000r\000\351\000e\000r\000\040\000F\000a\000c\000t\000u\000r\000e\000\040\000v\000i\000a\000\040\000f\000a\000c\000t\000u\000r\000e}{section.2.12}% 55
\BOOKMARK [2][-]{subsection.2.12.2}{\376\377\000S\000p\000\351\000c\000i\000f\000i\000c\000a\000t\000i\000o\000n\000\040\000d\000e\000\040\000c\000a\000s\000\040\000d\000'\000u\000t\000i\000l\000i\000s\000a\000t\000i\000o\000n\000\040\000C\000r\000\351\000e\000r\000\040\000F\000a\000c\000t\000u\000r\000e\000\040\000v\000i\000a\000\040\000V\000e\000n\000t\000e}{section.2.12}% 56
\BOOKMARK [2][-]{subsection.2.12.3}{\376\377\000S\000p\000\351\000c\000i\000f\000i\000c\000a\000t\000i\000o\000n\000\040\000d\000e\000\040\000c\000a\000s\000\040\000d\000'\000u\000t\000i\000l\000i\000s\000a\000t\000i\000o\000n\000\040\000E\000n\000r\000e\000g\000i\000s\000t\000r\000e\000r\000\040\000R\000\350\000g\000l\000e\000m\000e\000n\000t}{section.2.12}% 57
\BOOKMARK [2][-]{subsection.2.12.4}{\376\377\000S\000p\000\351\000c\000i\000f\000i\000c\000a\000t\000i\000o\000n\000\040\000d\000e\000\040\000c\000a\000s\000\040\000d\000'\000u\000t\000i\000l\000i\000s\000a\000t\000i\000o\000n\000\040\000i\000m\000p\000r\000i\000m\000e\000r\000\040\000f\000a\000c\000t\000u\000r\000e}{section.2.12}% 58
\BOOKMARK [2][-]{subsection.2.12.5}{\376\377\000S\000p\000\351\000c\000i\000f\000i\000c\000a\000t\000i\000o\000n\000\040\000d\000e\000\040\000c\000a\000s\000\040\000d\000'\000u\000t\000i\000l\000i\000s\000a\000t\000i\000o\000n\000\040\000E\000n\000v\000o\000y\000e\000r\000\040\000f\000a\000c\000t\000u\000r\000e\000\040\000v\000i\000a\000\040\000W\000h\000a\000t\000s\000A\000p\000p}{section.2.12}% 59
\BOOKMARK [2][-]{subsection.2.12.6}{\376\377\000S\000p\000\351\000c\000i\000f\000i\000c\000a\000t\000i\000o\000n\000\040\000d\000e\000\040\000c\000a\000s\000\040\000d\000'\000u\000t\000i\000l\000i\000s\000a\000t\000i\000o\000n\000\040\000:\000\040\000C\000o\000n\000s\000u\000l\000t\000e\000r\000\040\000F\000a\000c\000t\000u\000r\000e}{section.2.12}% 60
\BOOKMARK [2][-]{subsection.2.12.7}{\376\377\000S\000p\000\351\000c\000i\000f\000i\000c\000a\000t\000i\000o\000n\000\040\000d\000e\000\040\000c\000a\000s\000\040\000d\000'\000u\000t\000i\000l\000i\000s\000a\000t\000i\000o\000n\000\040\000A\000r\000c\000h\000i\000v\000e\000r\000\040\000F\000a\000c\000t\000u\000r\000e}{section.2.12}% 61
\BOOKMARK [1][-]{section.2.13}{\376\377\000S\000p\000\351\000c\000i\000f\000i\000c\000a\000t\000i\000o\000n\000\040\000d\000e\000\040\000c\000a\000s\000\040\000d\000'\000u\000t\000i\000l\000i\000s\000a\000t\000i\000o\000n\000\040\000:\000\040\000G\000\351\000r\000e\000r\000\040\000N\000o\000t\000i\000f\000i\000c\000a\000t\000i\000o\000n\000s}{chapter.2}% 62
\BOOKMARK [2][-]{subsection.2.13.1}{\376\377\000S\000p\000\351\000c\000i\000f\000i\000c\000a\000t\000i\000o\000n\000\040\000d\000e\000\040\000c\000a\000s\000\040\000d\000'\000u\000t\000i\000l\000i\000s\000a\000t\000i\000o\000n\000\040\000C\000o\000n\000s\000u\000l\000t\000e\000r\000\040\000N\000o\000t\000i\000f\000i\000c\000a\000t\000i\000o\000n\000s}{section.2.13}% 63
\BOOKMARK [2][-]{subsection.2.13.2}{\376\377\000S\000p\000\351\000c\000i\000f\000i\000c\000a\000t\000i\000o\000n\000\040\000d\000e\000\040\000c\000a\000s\000\040\000d\000'\000u\000t\000i\000l\000i\000s\000a\000t\000i\000o\000n\000\040\000M\000a\000r\000q\000u\000e\000r\000\040\000N\000o\000t\000i\000f\000i\000c\000a\000t\000i\000o\000n\000s\000\040\000C\000o\000m\000m\000e\000\040\000L\000u\000e}{section.2.13}% 64
\BOOKMARK [2][-]{subsection.2.13.3}{\376\377\000S\000p\000\351\000c\000i\000f\000i\000c\000a\000t\000i\000o\000n\000\040\000d\000e\000\040\000c\000a\000s\000\040\000d\000'\000u\000t\000i\000l\000i\000s\000a\000t\000i\000o\000n\000\040\000S\000u\000p\000p\000r\000i\000m\000e\000r\000\040\000N\000o\000t\000i\000f\000i\000c\000a\000t\000i\000o\000n}{section.2.13}% 65
\BOOKMARK [1][-]{section.2.14}{\376\377\000S\000p\000\351\000c\000i\000f\000i\000c\000a\000t\000i\000o\000n\000\040\000d\000e\000\040\000c\000a\000s\000\040\000d\000'\000u\000t\000i\000l\000i\000s\000a\000t\000i\000o\000n\000\040\000:\000\040\000C\000o\000n\000s\000u\000l\000t\000e\000r\000\040\000T\000a\000b\000l\000e\000a\000u\000x\000\040\000D\000e\000\040\000B\000o\000r\000d}{chapter.2}% 66
\BOOKMARK [2][-]{subsection.2.14.1}{\376\377\000S\000p\000\351\000c\000i\000f\000i\000c\000a\000t\000i\000o\000n\000\040\000d\000e\000\040\000c\000a\000s\000\040\000d\000'\000u\000t\000i\000l\000i\000s\000a\000t\000i\000o\000n\000\040\000C\000o\000n\000s\000u\000l\000t\000e\000r\000\040\000T\000a\000b\000l\000e\000a\000u\000x\000\040\000D\000e\000\040\000B\000o\000r\000d}{section.2.14}% 67
\BOOKMARK [1][-]{section.2.15}{\376\377\000S\000p\000\351\000c\000i\000f\000i\000c\000a\000t\000i\000o\000n\000\040\000d\000e\000\040\000c\000a\000s\000\040\000d\000'\000u\000t\000i\000l\000i\000s\000a\000t\000i\000o\000n\000\040\000:\000\040\000C\000o\000n\000s\000u\000l\000t\000e\000r\000\040\000P\000r\000\351\000v\000i\000s\000i\000o\000n\000s}{chapter.2}% 68
\BOOKMARK [2][-]{subsection.2.15.1}{\376\377\000S\000p\000\351\000c\000i\000f\000i\000c\000a\000t\000i\000o\000n\000\040\000d\000e\000\040\000c\000a\000s\000\040\000d\000'\000u\000t\000i\000l\000i\000s\000a\000t\000i\000o\000n\000\040\000C\000o\000n\000s\000u\000l\000t\000e\000r\000\040\000P\000r\000\351\000v\000i\000s\000i\000o\000n\000s}{section.2.15}% 69
\BOOKMARK [0][-]{chapter.3}{\376\377\000C\000o\000n\000c\000e\000p\000t\000i\000o\000n}{}% 70
\BOOKMARK [1][-]{section.3.1}{\376\377\000I\000n\000t\000r\000o\000d\000u\000c\000t\000i\000o\000n}{chapter.3}% 71
\BOOKMARK [1][-]{section.3.2}{\376\377\000A\000r\000c\000h\000i\000t\000e\000c\000t\000u\000r\000e\000\040\000L\000o\000g\000i\000q\000u\000e\000\040\000A\000d\000o\000p\000t\000\351\000e}{chapter.3}% 72
\BOOKMARK [2][-]{subsection.3.2.1}{\376\377\000V\000u\000e\000\040\000\050\000V\000i\000e\000w\000\051}{section.3.2}% 73
\BOOKMARK [2][-]{subsection.3.2.2}{\376\377\000M\000o\000d\000\350\000l\000e\000\040\000\050\000M\000o\000d\000e\000l\000\051}{section.3.2}% 74
\BOOKMARK [2][-]{subsection.3.2.3}{\376\377\000C\000o\000n\000t\000r\000\364\000l\000e\000u\000r\000\040\000\050\000C\000o\000n\000t\000r\000o\000l\000l\000e\000r\000\051}{section.3.2}% 75
\BOOKMARK [1][-]{section.3.3}{\376\377\000C\000o\000n\000c\000e\000p\000t\000i\000o\000n\000\040\000d\000u\000\040\000C\000a\000s\000\040\000D\000'\000u\000t\000i\000l\000i\000s\000a\000t\000i\000o\000n\000\040\000S\000e\000\040\000C\000o\000n\000n\000e\000c\000t\000e\000r}{chapter.3}% 76
\BOOKMARK [2][-]{subsection.3.3.1}{\376\377\000T\000r\000a\000\347\000a\000b\000i\000l\000i\000t\000\351\000\040\000M\000C\000U\000/\000M\000C\000\040\000p\000o\000u\000r\000\040\000l\000e\000\040\000C\000a\000s\000\040\000D\000'\000u\000t\000i\000l\000i\000s\000a\000t\000i\000o\000n\000\040\000S\000e\000\040\000C\000o\000n\000n\000e\000c\000t\000e\000r}{section.3.3}% 77
\BOOKMARK [2][-]{subsection.3.3.2}{\376\377\000D\000i\000a\000g\000r\000a\000m\000m\000e\000\040\000d\000e\000\040\000S\000\351\000q\000u\000e\000n\000c\000e\000\040\000d\000u\000\040\000C\000a\000s\000\040\000D\000'\000u\000t\000i\000l\000i\000s\000a\000t\000i\000o\000n\000\040\000S\000e\000\040\000C\000o\000n\000n\000e\000c\000t\000e\000r}{section.3.3}% 78
\BOOKMARK [2][-]{subsection.3.3.3}{\376\377\000D\000i\000a\000g\000r\000a\000m\000m\000e\000\040\000d\000e\000\040\000C\000l\000a\000s\000s\000e\000\040\000d\000u\000\040\000C\000a\000s\000\040\000D\000'\000u\000t\000i\000l\000i\000s\000a\000t\000i\000o\000n\000\040\000S\000e\000\040\000C\000o\000n\000n\000e\000c\000t\000e\000r}{section.3.3}% 79
\BOOKMARK [1][-]{section.3.4}{\376\377\000C\000o\000n\000c\000e\000p\000t\000i\000o\000n\000\040\000d\000u\000\040\000C\000a\000s\000\040\000D\000'\000u\000t\000i\000l\000i\000s\000a\000t\000i\000o\000n\000\040\000S\000e\000\040\000D\000\351\000c\000o\000n\000n\000e\000c\000t\000e\000r}{chapter.3}% 80
\BOOKMARK [2][-]{subsection.3.4.1}{\376\377\000T\000r\000a\000\347\000a\000b\000i\000l\000i\000t\000\351\000\040\000M\000C\000U\000/\000M\000C\000\040\000p\000o\000u\000r\000\040\000l\000e\000\040\000C\000a\000s\000\040\000D\000'\000u\000t\000i\000l\000i\000s\000a\000t\000i\000o\000n\000\040\000S\000e\000\040\000D\000\351\000c\000o\000n\000n\000e\000c\000t\000e\000r}{section.3.4}% 81
\BOOKMARK [2][-]{subsection.3.4.2}{\376\377\000D\000i\000a\000g\000r\000a\000m\000m\000e\000\040\000d\000e\000\040\000S\000\351\000q\000u\000e\000n\000c\000e\000\040\000d\000u\000\040\000C\000a\000s\000\040\000D\000'\000u\000t\000i\000l\000i\000s\000a\000t\000i\000o\000n\000\040\000S\000e\000\040\000D\000\351\000c\000o\000n\000n\000e\000c\000t\000e\000r}{section.3.4}% 82
\BOOKMARK [2][-]{subsection.3.4.3}{\376\377\000D\000i\000a\000g\000r\000a\000m\000m\000e\000\040\000d\000e\000\040\000C\000l\000a\000s\000s\000e\000\040\000d\000u\000\040\000C\000a\000s\000\040\000D\000'\000u\000t\000i\000l\000i\000s\000a\000t\000i\000o\000n\000\040\000S\000e\000\040\000D\000\351\000c\000o\000n\000n\000e\000c\000t\000e\000r}{section.3.4}% 83
\BOOKMARK [1][-]{section.3.5}{\376\377\000C\000o\000n\000c\000e\000p\000t\000i\000o\000n\000\040\000d\000e\000s\000\040\000C\000a\000s\000\040\000D\000'\000u\000t\000i\000l\000i\000s\000a\000t\000i\000o\000n\000\040\000G\000\351\000r\000e\000r\000\040\000A\000g\000e\000n\000t\000s}{chapter.3}% 84
\BOOKMARK [2][-]{subsection.3.5.1}{\376\377\000T\000r\000a\000\347\000a\000b\000i\000l\000i\000t\000\351\000\040\000M\000C\000U\000/\000M\000C\000\040\000p\000o\000u\000r\000\040\000l\000e\000\040\000C\000a\000s\000\040\000D\000'\000u\000t\000i\000l\000i\000s\000a\000t\000i\000o\000n\000\040\000G\000\351\000r\000e\000r\000\040\000A\000g\000e\000n\000t\000s}{section.3.5}% 85
\BOOKMARK [2][-]{subsection.3.5.2}{\376\377\000D\000i\000a\000g\000r\000a\000m\000m\000e\000\040\000d\000e\000\040\000S\000\351\000q\000u\000e\000n\000c\000e\000\040\000d\000u\000\040\000C\000a\000s\000\040\000D\000'\000u\000t\000i\000l\000i\000s\000a\000t\000i\000o\000n\000\040\000A\000j\000o\000u\000t\000e\000r\000\040\000A\000g\000e\000n\000t}{section.3.5}% 86
\BOOKMARK [2][-]{subsection.3.5.3}{\376\377\000D\000i\000a\000g\000r\000a\000m\000m\000e\000\040\000d\000e\000\040\000S\000\351\000q\000u\000e\000n\000c\000e\000\040\000d\000u\000\040\000C\000a\000s\000\040\000D\000'\000u\000t\000i\000l\000i\000s\000a\000t\000i\000o\000n\000\040\000S\000u\000p\000p\000r\000i\000m\000e\000r\000\040\000A\000g\000e\000n\000t}{section.3.5}% 87
\BOOKMARK [2][-]{subsection.3.5.4}{\376\377\000D\000i\000a\000g\000r\000a\000m\000m\000e\000\040\000d\000e\000\040\000C\000l\000a\000s\000s\000e\000\040\000d\000u\000\040\000C\000a\000s\000\040\000D\000'\000u\000t\000i\000l\000i\000s\000a\000t\000i\000o\000n\000\040\000G\000\351\000r\000e\000r\000\040\000A\000g\000e\000n\000t\000s}{section.3.5}% 88
\BOOKMARK [1][-]{section.3.6}{\376\377\000C\000o\000n\000c\000e\000p\000t\000i\000o\000n\000\040\000d\000e\000s\000\040\000C\000a\000s\000\040\000D\000'\000u\000t\000i\000l\000i\000s\000a\000t\000i\000o\000n\000\040\000G\000\351\000r\000e\000r\000\040\000P\000r\000o\000d\000u\000i\000t\000s}{chapter.3}% 89
\BOOKMARK [2][-]{subsection.3.6.1}{\376\377\000T\000r\000a\000\347\000a\000b\000i\000l\000i\000t\000\351\000\040\000M\000C\000U\000/\000M\000C\000\040\000p\000o\000u\000r\000\040\000l\000e\000\040\000C\000a\000s\000\040\000D\000'\000u\000t\000i\000l\000i\000s\000a\000t\000i\000o\000n\000\040\000G\000\351\000r\000e\000r\000\040\000P\000r\000o\000d\000u\000i\000t\000s}{section.3.6}% 90
\BOOKMARK [2][-]{subsection.3.6.2}{\376\377\000D\000i\000a\000g\000r\000a\000m\000m\000e\000\040\000d\000e\000\040\000S\000\351\000q\000u\000e\000n\000c\000e\000\040\000d\000u\000\040\000C\000a\000s\000\040\000D\000'\000u\000t\000i\000l\000i\000s\000a\000t\000i\000o\000n\000\040\000A\000j\000o\000u\000t\000e\000r\000\040\000P\000r\000o\000d\000u\000i\000t}{section.3.6}% 91
\BOOKMARK [2][-]{subsection.3.6.3}{\376\377\000D\000i\000a\000g\000r\000a\000m\000m\000e\000\040\000d\000e\000\040\000S\000\351\000q\000u\000e\000n\000c\000e\000\040\000d\000u\000\040\000C\000a\000s\000\040\000D\000'\000u\000t\000i\000l\000i\000s\000a\000t\000i\000o\000n\000\040\000S\000u\000p\000p\000r\000i\000m\000e\000r\000\040\000P\000r\000o\000d\000u\000i\000t}{section.3.6}% 92
\BOOKMARK [2][-]{subsection.3.6.4}{\376\377\000D\000i\000a\000g\000r\000a\000m\000m\000e\000\040\000d\000e\000\040\000S\000\351\000q\000u\000e\000n\000c\000e\000\040\000d\000u\000\040\000C\000a\000s\000\040\000D\000'\000u\000t\000i\000l\000i\000s\000a\000t\000i\000o\000n\000\040\000M\000o\000d\000i\000f\000i\000e\000r\000\040\000P\000r\000o\000d\000u\000i\000t}{section.3.6}% 93
\BOOKMARK [2][-]{subsection.3.6.5}{\376\377\000D\000i\000a\000g\000r\000a\000m\000m\000e\000\040\000d\000e\000\040\000S\000\351\000q\000u\000e\000n\000c\000e\000\040\000d\000u\000\040\000C\000a\000s\000\040\000D\000'\000u\000t\000i\000l\000i\000s\000a\000t\000i\000o\000n\000\040\000C\000o\000n\000s\000u\000l\000t\000e\000r\000\040\000P\000r\000o\000d\000u\000i\000t}{section.3.6}% 94
\BOOKMARK [2][-]{subsection.3.6.6}{\376\377\000D\000i\000a\000g\000r\000a\000m\000m\000e\000\040\000d\000e\000\040\000S\000\351\000q\000u\000e\000n\000c\000e\000\040\000d\000u\000\040\000C\000a\000s\000\040\000D\000'\000u\000t\000i\000l\000i\000s\000a\000t\000i\000o\000n\000\040\000A\000r\000c\000h\000i\000v\000e\000r\000\040\000P\000r\000o\000d\000u\000i\000t}{section.3.6}% 95
\BOOKMARK [2][-]{subsection.3.6.7}{\376\377\000D\000i\000a\000g\000r\000a\000m\000m\000e\000\040\000d\000e\000\040\000C\000l\000a\000s\000s\000e\000\040\000d\000u\000\040\000C\000a\000s\000\040\000D\000'\000u\000t\000i\000l\000i\000s\000a\000t\000i\000o\000n\000\040\000G\000\351\000r\000e\000r\000\040\000P\000r\000o\000d\000u\000i\000t\000s}{section.3.6}% 96
\BOOKMARK [1][-]{section.3.7}{\376\377\000C\000o\000n\000c\000e\000p\000t\000i\000o\000n\000\040\000d\000u\000\040\000C\000a\000s\000\040\000D\000'\000u\000t\000i\000l\000i\000s\000a\000t\000i\000o\000n\000\040\000G\000\351\000r\000e\000r\000\040\000C\000l\000i\000e\000n\000t\000s}{chapter.3}% 97
\BOOKMARK [2][-]{subsection.3.7.1}{\376\377\000T\000r\000a\000\347\000a\000b\000i\000l\000i\000t\000\351\000\040\000M\000C\000U\000/\000M\000C\000\040\000p\000o\000u\000r\000\040\000l\000e\000\040\000C\000a\000s\000\040\000D\000'\000u\000t\000i\000l\000i\000s\000a\000t\000i\000o\000n\000\040\000G\000\351\000r\000e\000r\000\040\000C\000l\000i\000e\000n\000t\000s}{section.3.7}% 98
\BOOKMARK [2][-]{subsection.3.7.2}{\376\377\000D\000i\000a\000g\000r\000a\000m\000m\000e\000\040\000d\000e\000\040\000S\000\351\000q\000u\000e\000n\000c\000e\000\040\000d\000u\000\040\000C\000a\000s\000\040\000D\000'\000u\000t\000i\000l\000i\000s\000a\000t\000i\000o\000n\000\040\000A\000j\000o\000u\000t\000e\000r\000\040\000C\000l\000i\000e\000n\000t}{section.3.7}% 99
\BOOKMARK [2][-]{subsection.3.7.3}{\376\377\000D\000i\000a\000g\000r\000a\000m\000m\000e\000\040\000d\000e\000\040\000S\000\351\000q\000u\000e\000n\000c\000e\000\040\000d\000u\000\040\000C\000a\000s\000\040\000D\000'\000u\000t\000i\000l\000i\000s\000a\000t\000i\000o\000n\000\040\000M\000o\000d\000i\000f\000i\000e\000r\000\040\000C\000l\000i\000e\000n\000t}{section.3.7}% 100
\BOOKMARK [2][-]{subsection.3.7.4}{\376\377\000D\000i\000a\000g\000r\000a\000m\000m\000e\000\040\000d\000e\000\040\000S\000\351\000q\000u\000e\000n\000c\000e\000\040\000d\000u\000\040\000C\000a\000s\000\040\000D\000'\000u\000t\000i\000l\000i\000s\000a\000t\000i\000o\000n\000\040\000S\000u\000p\000p\000r\000i\000m\000e\000r\000\040\000C\000l\000i\000e\000n\000t}{section.3.7}% 101
\BOOKMARK [2][-]{subsection.3.7.5}{\376\377\000D\000i\000a\000g\000r\000a\000m\000m\000e\000\040\000d\000e\000\040\000S\000\351\000q\000u\000e\000n\000c\000e\000\040\000d\000u\000\040\000C\000a\000s\000\040\000D\000'\000u\000t\000i\000l\000i\000s\000a\000t\000i\000o\000n\000\040\000C\000o\000n\000s\000u\000l\000t\000e\000r\000\040\000C\000l\000i\000e\000n\000t}{section.3.7}% 102
